Case #1: 1 0
Case #2: 1 0
Case #3: 1 1
Case #4: 0 0
Case #5: 500 499
Case #6: 0 0
Case #7: 1 1
Case #8: 1 0
Case #9: 0 0
Case #10: 0 0
Case #11: 0 0
Case #12: 0 0
Case #13: 3 3
Case #14: 0 0
Case #15: 0 0
Case #16: 3 2
Case #17: 1 0
Case #18: 0 0
Case #19: 1 0
Case #20: 499 499
Case #21: 1 1
Case #22: 1 1
Case #23: 3 3
Case #24: 1 0
Case #25: 1 0
Case #26: 1 1
Case #27: 7 6
Case #28: 0 0
Case #29: 0 0
Case #30: 0 0
Case #31: 0 0
Case #32: 0 0
Case #33: 0 0
Case #34: 1 0
Case #35: 0 0
Case #36: 0 0
Case #37: 3 3
Case #38: 0 0
Case #39: 0 0
Case #40: 0 0
Case #41: 0 0
Case #42: 1 0
Case #43: 0 0
Case #44: 1 0
Case #45: 0 0
Case #46: 3 2
Case #47: 0 0
Case #48: 0 0
Case #49: 0 0
Case #50: 1 1
Case #51: 1 0
Case #52: 1 0
Case #53: 0 0
Case #54: 0 0
Case #55: 0 0
Case #56: 1 0
Case #57: 1 0
Case #58: 0 0
Case #59: 2 2
Case #60: 1 0
Case #61: 1 0
Case #62: 250 249
Case #63: 0 0
Case #64: 0 0
Case #65: 1 0
Case #66: 1 0
Case #67: 0 0
Case #68: 2 1
Case #69: 0 0
Case #70: 0 0
Case #71: 1 0
Case #72: 1 1
Case #73: 1 0
Case #74: 1 0
Case #75: 250 249
Case #76: 0 0
Case #77: 0 0
Case #78: 125 124
Case #79: 0 0
Case #80: 0 0
Case #81: 0 0
Case #82: 1 1
Case #83: 0 0
Case #84: 3 2
Case #85: 0 0
Case #86: 0 0
Case #87: 1 0
Case #88: 7 6
Case #89: 1 0
Case #90: 1 1
Case #91: 1 0
Case #92: 249 249
Case #93: 3 3
Case #94: 1 1
Case #95: 1 0
Case #96: 3 2
Case #97: 1 1
Case #98: 1 0
Case #99: 1 0
Case #100: 1 0
