Case #1: 1 0
Case #2: 1 0
Case #3: 1 1
Case #4: 0 0
Case #5: 500 499
Case #6: 1 0
Case #7: 2 1
Case #8: 1 0
Case #9: 1 0
Case #10: 1 0
Case #11: 1 1
Case #12: 0 0
Case #13: 1 0
Case #14: 1 1
Case #15: 0 0
Case #16: 0 0
Case #17: 125 124
Case #18: 1 1
Case #19: 3 3
Case #20: 250 249
Case #21: 0 0
Case #22: 3 3
Case #23: 1 0
Case #24: 0 0
Case #25: 0 0
Case #26: 0 0
Case #27: 0 0
Case #28: 1 0
Case #29: 499 499
Case #30: 0 0
Case #31: 7 6
Case #32: 1 0
Case #33: 0 0
Case #34: 0 0
Case #35: 1 0
Case #36: 1 1
Case #37: 1 0
Case #38: 0 0
Case #39: 1 1
Case #40: 0 0
Case #41: 1 1
Case #42: 1 0
Case #43: 0 0
Case #44: 249 249
Case #45: 0 0
Case #46: 2 2
Case #47: 1 0
Case #48: 0 0
Case #49: 3 2
Case #50: 1 0
Case #51: 0 0
Case #52: 1 0
Case #53: 0 0
Case #54: 0 0
Case #55: 0 0
Case #56: 0 0
Case #57: 0 0
Case #58: 0 0
Case #59: 0 0
Case #60: 0 0
Case #61: 1 0
Case #62: 1 1
Case #63: 0 0
Case #64: 0 0
Case #65: 3 3
Case #66: 1 0
Case #67: 1 0
Case #68: 0 0
Case #69: 0 0
Case #70: 1 1
Case #71: 1 0
Case #72: 0 0
Case #73: 0 0
Case #74: 0 0
Case #75: 0 0
Case #76: 1 0
Case #77: 3 3
Case #78: 0 0
Case #79: 0 0
Case #80: 250 249
Case #81: 0 0
Case #82: 3 2
Case #83: 0 0
Case #84: 0 0
Case #85: 0 0
Case #86: 7 6
Case #87: 0 0
Case #88: 0 0
Case #89: 3 2
Case #90: 1 0
Case #91: 1 0
Case #92: 1 1
Case #93: 1 0
Case #94: 3 2
Case #95: 0 0
Case #96: 0 0
Case #97: 1 1
Case #98: 0 0
Case #99: 1 0
Case #100: 0 0
