Case #1: 19 20
Case #2: 023 023
Case #3: 0 0
Case #4: 05 00
Case #5: 00 00
Case #6: 409 406
Case #7: 099 909
Case #8: 040 009
Case #9: 070 070
Case #10: 259 259
Case #11: 085 085
Case #12: 029 030
Case #13: 00 00
Case #14: 990 909
Case #15: 99 09
Case #16: 100 069
Case #17: 99 99
Case #18: 5 5
Case #19: 00 00
Case #20: 397 760
Case #21: 290 290
Case #22: 080 039
Case #23: 840 840
Case #24: 098 093
Case #25: 988 993
Case #26: 098 130
Case #27: 99 99
Case #28: 05 05
Case #29: 266 268
Case #30: 00 05
Case #31: 993 988
Case #32: 039 080
Case #33: 000 000
Case #34: 855 860
Case #35: 09 05
Case #36: 255 600
Case #37: 00 00
Case #38: 499 532
Case #39: 0 0
Case #40: 05 10
Case #41: 824 799
Case #42: 992 988
Case #43: 255 258
Case #44: 450 450
Case #45: 501 501
Case #46: 730 727
Case #47: 95 99
Case #48: 497 500
Case #49: 671 671
Case #50: 503 503
Case #51: 607 607
Case #52: 050 019
Case #53: 059 060
Case #54: 029 070
Case #55: 05 05
Case #56: 909 990
Case #57: 800 800
Case #58: 130 099
Case #59: 917 899
Case #60: 045 045
Case #61: 005 005
Case #62: 080 080
Case #63: 219 744
Case #64: 99 90
Case #65: 721 679
Case #66: 048 099
Case #67: 513 513
Case #68: 09 10
Case #69: 815 787
Case #70: 011 011
Case #71: 305 305
Case #72: 988 992
Case #73: 99 99
Case #74: 09 09
Case #75: 99 99
Case #76: 039 070
Case #77: 062 062
Case #78: 910 909
Case #79: 010 009
Case #80: 05 05
Case #81: 00 00
Case #82: 019 050
Case #83: 009 050
Case #84: 070 039
Case #85: 069 100
Case #86: 079 110
Case #87: 070 029
Case #88: 260 253
Case #89: 670 670
Case #90: 159 156
Case #91: 88 93
Case #92: 900 900
Case #93: 080 049
Case #94: 796 759
Case #95: 190 190
Case #96: 308 310
Case #97: 93 88
Case #98: 90 90
Case #99: 197 540
Case #100: 102 098
Case #101: 10 05
Case #102: 700 700
Case #103: 106 106
Case #104: 120 120
Case #105: 029 060
Case #106: 90 99
Case #107: 099 130
Case #108: 807 810
Case #109: 500 500
Case #110: 0 0
Case #111: 666 710
Case #112: 680 679
Case #113: 95 95
Case #114: 90 90
Case #115: 99 95
Case #116: 005 000
Case #117: 504 459
Case #118: 092 093
Case #119: 640 640
Case #120: 090 059
Case #121: 09 99
Case #122: 199 199
Case #123: 99 99
Case #124: 800 699
Case #125: 089 120
Case #126: 709 399
Case #127: 10 09
Case #128: 001 001
Case #129: 009 040
Case #130: 05 05
Case #131: 059 090
Case #132: 9 9
Case #133: 5 5
Case #134: 343 343
Case #135: 582 582
Case #136: 900 699
Case #137: 134 134
Case #138: 298 279
Case #139: 090 049
Case #140: 159 161
Case #141: 529 531
Case #142: 053 078
Case #143: 129 600
Case #144: 800 199
Case #145: 008 008
Case #146: 170 159
Case #147: 605 605
Case #148: 019 060
Case #149: 110 079
Case #150: 110 065
Case #151: 058 063
Case #152: 481 481
Case #153: 259 285
Case #154: 530 509
Case #155: 690 649
Case #156: 049 090
Case #157: 332 332
Case #158: 099 500
Case #159: 895 905
Case #160: 087 087
Case #161: 00 00
Case #162: 909 910
Case #163: 09 09
Case #164: 599 601
Case #165: 99 99
Case #166: 99 99
Case #167: 060 029
Case #168: 400 400
Case #169: 290 123
Case #170: 95 95
Case #171: 09 09
Case #172: 397 401
Case #173: 120 089
Case #174: 049 080
Case #175: 05 09
Case #176: 692 800
Case #177: 911 952
Case #178: 594 990
Case #179: 779 792
Case #180: 099 100
Case #181: 098 069
Case #182: 050 009
Case #183: 9 9
Case #184: 920 594
Case #185: 99 99
Case #186: 09 90
Case #187: 606 606
Case #188: 90 90
Case #189: 100 099
Case #190: 90 09
Case #191: 060 019
Case #192: 00 00
Case #193: 90 90
Case #194: 409 278
Case #195: 299 383
Case #196: 400 400
Case #197: 09 09
Case #198: 190 205
Case #199: 399 399
Case #200: 093 098
