Case #1: 19 20
Case #2: 023 023
Case #3: 0 0
Case #4: 05 00
Case #5: 799 800
Case #6: 90 99
Case #7: 993 988
Case #8: 00 00
Case #9: 013 013
Case #10: 09 05
Case #11: 5 5
Case #12: 296 296
Case #13: 88 93
Case #14: 060 029
Case #15: 028 800
Case #16: 05 05
Case #17: 080 039
Case #18: 10 05
Case #19: 99 99
Case #20: 623 623
Case #21: 099 130
Case #22: 616 616
Case #23: 500 500
Case #24: 95 95
Case #25: 040 009
Case #26: 078 078
Case #27: 702 702
Case #28: 044 048
Case #29: 9 9
Case #30: 00 00
Case #31: 347 347
Case #32: 717 716
Case #33: 039 070
Case #34: 820 199
Case #35: 988 992
Case #36: 90 90
Case #37: 556 556
Case #38: 000 000
Case #39: 299 308
Case #40: 099 100
Case #41: 050 050
Case #42: 05 10
Case #43: 0 0
Case #44: 090 049
Case #45: 90 09
Case #46: 814 818
Case #47: 029 070
Case #48: 395 900
Case #49: 102 098
Case #50: 029 060
Case #51: 100 099
Case #52: 00 00
Case #53: 00 05
Case #54: 99 99
Case #55: 009 050
Case #56: 060 060
Case #57: 098 093
Case #58: 400 403
Case #59: 600 600
Case #60: 00 00
Case #61: 002 005
Case #62: 800 390
Case #63: 09 99
Case #64: 090 059
Case #65: 99 99
Case #66: 669 639
Case #67: 397 760
Case #68: 507 502
Case #69: 05 05
Case #70: 730 727
Case #71: 09 09
Case #72: 405 369
Case #73: 562 564
Case #74: 019 050
Case #75: 910 909
Case #76: 241 241
Case #77: 053 053
Case #78: 114 114
Case #79: 988 993
Case #80: 019 060
Case #81: 397 401
Case #82: 099 909
Case #83: 130 099
Case #84: 049 039
Case #85: 09 90
Case #86: 069 100
Case #87: 528 498
Case #88: 99 99
Case #89: 93 88
Case #90: 00 00
Case #91: 009 040
Case #92: 95 99
Case #93: 881 091
Case #94: 600 323
Case #95: 199 199
Case #96: 120 089
Case #97: 990 909
Case #98: 00 00
Case #99: 800 699
Case #100: 99 90
Case #101: 360 248
Case #102: 092 093
Case #103: 720 752
Case #104: 226 225
Case #105: 080 080
Case #106: 100 069
Case #107: 083 083
Case #108: 200 019
Case #109: 99 99
Case #110: 0 0
Case #111: 001 005
Case #112: 400 359
Case #113: 909 910
Case #114: 05 09
Case #115: 164 164
Case #116: 110 079
Case #117: 526 546
Case #118: 159 161
Case #119: 070 039
Case #120: 5 5
Case #121: 089 120
Case #122: 004 004
Case #123: 930 911
Case #124: 010 009
Case #125: 089 085
Case #126: 807 810
Case #127: 90 90
Case #128: 384 386
Case #129: 721 679
Case #130: 478 476
Case #131: 050 009
Case #132: 90 90
Case #133: 000 000
Case #134: 730 760
Case #135: 050 019
Case #136: 070 070
Case #137: 599 601
Case #138: 436 439
Case #139: 800 800
Case #140: 059 090
Case #141: 705 705
Case #142: 504 504
Case #143: 790 790
Case #144: 795 793
Case #145: 526 526
Case #146: 067 067
Case #147: 049 080
Case #148: 820 820
Case #149: 110 065
Case #150: 080 049
Case #151: 915 885
Case #152: 308 310
Case #153: 05 05
Case #154: 99 09
Case #155: 019 023
Case #156: 060 019
Case #157: 99 99
Case #158: 95 95
Case #159: 420 420
Case #160: 99 95
Case #161: 909 990
Case #162: 00 00
Case #163: 166 169
Case #164: 093 098
Case #165: 439 800
Case #166: 240 235
Case #167: 09 09
Case #168: 500 500
Case #169: 226 226
Case #170: 113 113
Case #171: 99 99
Case #172: 9 9
Case #173: 780 780
Case #174: 049 090
Case #175: 070 029
Case #176: 800 805
Case #177: 199 500
Case #178: 050 049
Case #179: 447 447
Case #180: 09 09
Case #181: 09 10
Case #182: 049 075
Case #183: 399 901
Case #184: 513 513
Case #185: 10 09
Case #186: 001 001
Case #187: 707 299
Case #188: 09 09
Case #189: 90 90
Case #190: 492 493
Case #191: 497 500
Case #192: 992 988
Case #193: 036 036
Case #194: 99 99
Case #195: 900 299
Case #196: 039 080
Case #197: 829 830
Case #198: 430 430
Case #199: 05 05
Case #200: 079 110
