Case #1: 19 20
Case #2: 023 023
Case #3: 0 0
Case #4: 05 00
Case #5: 499 910
Case #6: 269 287
Case #7: 609 605
Case #8: 007 007
Case #9: 09 10
Case #10: 030 030
Case #11: 99 99
Case #12: 885 297
Case #13: 00 00
Case #14: 99 99
Case #15: 358 358
Case #16: 046 046
Case #17: 600 492
Case #18: 079 079
Case #19: 00 05
Case #20: 920 199
Case #21: 466 466
Case #22: 110 079
Case #23: 317 317
Case #24: 084 048
Case #25: 299 720
Case #26: 99 99
Case #27: 09 09
Case #28: 780 749
Case #29: 059 090
Case #30: 497 500
Case #31: 800 699
Case #32: 069 100
Case #33: 520 299
Case #34: 439 900
Case #35: 324 324
Case #36: 199 199
Case #37: 728 519
Case #38: 120 089
Case #39: 606 606
Case #40: 09 05
Case #41: 0 0
Case #42: 090 090
Case #43: 009 009
Case #44: 089 101
Case #45: 778 778
Case #46: 049 080
Case #47: 09 90
Case #48: 990 909
Case #49: 807 810
Case #50: 600 299
Case #51: 988 993
Case #52: 090 049
Case #53: 006 009
Case #54: 100 100
Case #55: 099 909
Case #56: 089 120
Case #57: 130 099
Case #58: 10 09
Case #59: 349 380
Case #60: 049 090
Case #61: 099 130
Case #62: 09 09
Case #63: 599 601
Case #64: 120 089
Case #65: 617 617
Case #66: 100 069
Case #67: 039 080
Case #68: 070 029
Case #69: 00 00
Case #70: 5 5
Case #71: 940 939
Case #72: 092 093
Case #73: 00 00
Case #74: 834 834
Case #75: 019 050
Case #76: 930 930
Case #77: 029 070
Case #78: 05 05
Case #79: 404 399
Case #80: 391 420
Case #81: 95 95
Case #82: 910 909
Case #83: 90 90
Case #84: 200 196
Case #85: 988 992
Case #86: 080 039
Case #87: 09 09
Case #88: 88 93
Case #89: 603 603
Case #90: 029 500
Case #91: 843 843
Case #92: 90 90
Case #93: 00 00
Case #94: 060 019
Case #95: 535 930
Case #96: 070 039
Case #97: 90 90
Case #98: 9 9
Case #99: 400 400
Case #100: 460 463
Case #101: 102 098
Case #102: 099 110
Case #103: 093 098
Case #104: 016 012
Case #105: 308 310
Case #106: 080 049
Case #107: 05 09
Case #108: 799 830
Case #109: 05 05
Case #110: 519 559
Case #111: 99 99
Case #112: 055 055
Case #113: 93 88
Case #114: 303 097
Case #115: 190 190
Case #116: 95 95
Case #117: 050 019
Case #118: 159 161
Case #119: 800 800
Case #120: 360 319
Case #121: 040 009
Case #122: 603 603
Case #123: 200 179
Case #124: 965 966
Case #125: 009 050
Case #126: 711 711
Case #127: 00 00
Case #128: 992 988
Case #129: 00 00
Case #130: 900 634
Case #131: 349 349
Case #132: 95 99
Case #133: 079 110
Case #134: 013 013
Case #135: 730 727
Case #136: 00 00
Case #137: 5 5
Case #138: 993 988
Case #139: 05 05
Case #140: 99 09
Case #141: 099 100
Case #142: 010 009
Case #143: 110 065
Case #144: 050 009
Case #145: 687 519
Case #146: 397 760
Case #147: 198 500
Case #148: 904 639
Case #149: 001 001
Case #150: 209 207
Case #151: 029 060
Case #152: 909 990
Case #153: 090 059
Case #154: 488 485
Case #155: 0 0
Case #156: 690 800
Case #157: 098 130
Case #158: 024 024
Case #159: 020 020
Case #160: 600 600
Case #161: 747 747
Case #162: 039 070
Case #163: 9 9
Case #164: 397 401
Case #165: 10 05
Case #166: 006 006
Case #167: 100 099
Case #168: 721 679
Case #169: 063 060
Case #170: 189 200
Case #171: 019 060
Case #172: 909 910
Case #173: 90 90
Case #174: 05 10
Case #175: 09 09
Case #176: 178 400
Case #177: 09 99
Case #178: 370 370
Case #179: 610 589
Case #180: 90 09
Case #181: 098 093
Case #182: 90 99
Case #183: 99 99
Case #184: 120 099
Case #185: 930 930
Case #186: 000 000
Case #187: 99 95
Case #188: 230 186
Case #189: 060 029
Case #190: 009 040
Case #191: 99 99
Case #192: 404 404
Case #193: 054 054
Case #194: 99 99
Case #195: 122 171
Case #196: 99 90
Case #197: 99 99
Case #198: 869 869
Case #199: 05 05
Case #200: 776 754
